23:41:57    0 ****************************************************
23:41:57    0 ** Dragonfly version 4.15 **
23:41:57    0 ** Game engine started **
23:41:57    0 ****************************************************
23:42:00   90 ResourceManager::loadSprite(): Loading sprite 'sprites/saucer-spr.txt'.
23:42:00   90 ResourceManager::loadSprite(): Sprite 'saucer' loaded.
23:42:00   90 ResourceManager::loadSprite(): Loading sprite 'sprites/ship-spr.txt'.
23:42:00   90 ResourceManager::loadSprite(): Sprite 'ship' loaded.
23:42:00   90 ResourceManager::loadSprite(): Loading sprite 'sprites/bullet-spr.txt'.
23:42:00   90 ResourceManager::loadSprite(): Sprite 'bullet' loaded.
23:42:00   90 ResourceManager::loadSprite(): Loading sprite 'sprites/explosion-spr.txt'.
23:42:00   90 ResourceManager::loadSprite(): Sprite 'explosion' loaded.
23:42:00   90 ResourceManager::loadSprite(): Loading sprite 'sprites/gameover-spr.txt'.
23:42:00   90 ResourceManager::loadSprite(): Sprite 'gameover' loaded.
23:42:08  251 SceneGraph::updateType(): Error! Unable to remove Object (63) type (Undefined)
23:42:08  251 SceneGraph::updateType(): Error! Unable to remove Object (63) type ViewObject
23:42:08  251 SceneGraph::removeObject(): Error removing Object (id 63)! Pointer is 000001AA8B969880.
23:42:08  251 SceneGraph::updateType(): Error! Unable to remove Object (64) type (Undefined)
23:42:08  251 SceneGraph::updateType(): Error! Unable to remove Object (64) type (Undefined)
23:42:08  251 SceneGraph::updateType(): Error! Unable to remove Object (64) type (Undefined)
23:42:08  251 SceneGraph::updateType(): Error! Unable to remove Object (64) type (Undefined)
23:42:08  251 SceneGraph::updateType(): Error! Unable to remove Object (64) type (Undefined)
23:42:08  251 SceneGraph::updateType(): Error! Unable to remove Object (64) type (Undefined)
23:42:08  251 SceneGraph::updateType(): Error! Unable to remove Object (64) type (Undefined)
23:42:08  251 SceneGraph::updateType(): Error! Unable to remove Object (64) type (Undefined)
23:42:08  251 SceneGraph::updateType(): Error! Unable to remove Object (64) type (Undefined)
23:42:08  251 SceneGraph::updateType(): Error! Unable to remove Object (64) type (Undefined)
23:42:08  251 SceneGraph::updateType(): Error! Unable to remove Object (64) type (Undefined)
23:42:08  251 SceneGraph::updateType(): Error! Unable to remove Object (64) type (Undefined)
23:42:08  251 SceneGraph::updateType(): Error! Unable to remove Object (64) type (Undefined)
23:42:08  251 SceneGraph::updateType(): Error! Unable to remove Object (64) type (Undefined)
23:42:08  251 SceneGraph::updateType(): Error! Unable to remove Object (64) type (Undefined)
23:42:08  251 SceneGraph::updateType(): Error! Unable to remove Object (64) type (Undefined)
23:42:08  251 SceneGraph::updateType(): Error! Unable to remove Object (64) type (Undefined)
23:42:08  251 SceneGraph::updateType(): Error! Unable to remove Object (64) type (Undefined)
23:42:08  251 SceneGraph::updateType(): Error! Unable to remove Object (64) type (Undefined)
23:42:08  251 SceneGraph::updateType(): Error! Unable to remove Object (64) type (Undefined)
23:42:08  251 SceneGraph::updateType(): Error! Unable to remove Object (64) type (Undefined)
23:42:08  251 SceneGraph::updateType(): Error! Unable to remove Object (64) type (Undefined)
23:42:08  251 SceneGraph::updateType(): Error! Unable to remove Object (64) type (Undefined)
23:42:08  251 SceneGraph::updateType(): Error! Unable to remove Object (64) type (Undefined)
23:42:08  251 SceneGraph::updateType(): Error! Unable to remove Object (64) type (Undefined)
23:42:08  251 SceneGraph::updateType(): Error! Unable to remove Object (64) type (Undefined)
23:42:08  251 SceneGraph::updateType(): Error! Unable to remove Object (64) type (Undefined)
23:42:08  251 SceneGraph::updateType(): Error! Unable to remove Object (64) type (Undefined)
23:42:08  251 SceneGraph::updateType(): Error! Unable to remove Object (64) type (Undefined)
23:42:08  251 SceneGraph::updateType(): Error! Unable to remove Object (64) type (Undefined)
23:42:08  251 SceneGraph::updateType(): Error! Unable to remove Object (64) type (Undefined)
23:42:08  251 SceneGraph::updateType(): Error! Unable to remove Object (64) type (Undefined)
23:42:08  251 SceneGraph::updateType(): Error! Unable to remove Object (64) type (Undefined)
23:42:08  251 SceneGraph::updateType(): Error! Unable to remove Object (64) type (Undefined)
23:42:08  251 SceneGraph::updateType(): Error! Unable to remove Object (64) type (Undefined)
23:42:08  251 SceneGraph::updateType(): Error! Unable to remove Object (64) type (Undefined)
23:42:08  251 SceneGraph::updateType(): Error! Unable to remove Object (64) type (Undefined)
23:42:08  251 SceneGraph::updateType(): Error! Unable to remove Object (64) type (Undefined)
23:42:08  251 SceneGraph::updateType(): Error! Unable to remove Object (64) type (Undefined)
23:42:08  251 SceneGraph::updateType(): Error! Unable to remove Object (64) type (Undefined)
23:42:08  251 SceneGraph::updateType(): Error! Unable to remove Object (64) type (Undefined)
23:42:08  251 SceneGraph::updateType(): Error! Unable to remove Object (64) type (Undefined)
23:42:08  251 SceneGraph::updateType(): Error! Unable to remove Object (64) type (Undefined)
23:42:08  251 SceneGraph::updateType(): Error! Unable to remove Object (64) type (Undefined)
23:42:08  251 SceneGraph::updateType(): Error! Unable to remove Object (64) type (Undefined)
23:42:08  251 SceneGraph::updateType(): Error! Unable to remove Object (64) type (Undefined)
23:42:08  251 SceneGraph::updateType(): Error! Unable to remove Object (64) type (Undefined)
23:42:08  251 SceneGraph::updateType(): Error! Unable to remove Object (64) type (Undefined)
23:42:08  251 SceneGraph::updateType(): Error! Unable to remove Object (64) type (Undefined)
23:42:08  251 SceneGraph::updateType(): Error! Unable to remove Object (64) type (Undefined)
23:42:08  251 SceneGraph::updateType(): Error! Unable to remove Object (64) type (Undefined)
23:42:08  251 SceneGraph::updateType(): Error! Unable to remove Object (64) type (Undefined)
23:42:08  251 SceneGraph::updateType(): Error! Unable to remove Object (64) type (Undefined)
23:42:08  251 SceneGraph::updateType(): Error! Unable to remove Object (64) type (Undefined)
23:42:08  251 SceneGraph::updateType(): Error! Unable to remove Object (64) type (Undefined)
23:42:08  251 SceneGraph::updateType(): Error! Unable to remove Object (64) type (Undefined)
23:42:08  251 SceneGraph::updateType(): Error! Unable to remove Object (64) type (Undefined)
23:42:08  251 SceneGraph::updateType(): Error! Unable to remove Object (64) type (Undefined)
23:42:08  251 SceneGraph::updateType(): Error! Unable to remove Object (64) type (Undefined)
23:42:08  251 SceneGraph::updateType(): Error! Unable to remove Object (64) type (Undefined)
23:42:08  251 SceneGraph::updateType(): Error! Unable to remove Object (64) type (Undefined)
23:42:08  251 SceneGraph::updateType(): Error! Unable to remove Object (64) type (Undefined)
23:42:08  251 SceneGraph::updateType(): Error! Unable to remove Object (64) type (Undefined)
23:42:08  251 SceneGraph::updateType(): Error! Unable to remove Object (64) type (Undefined)
23:42:08  251 SceneGraph::updateType(): Error! Unable to remove Object (64) type (Undefined)
23:42:08  251 SceneGraph::updateType(): Error! Unable to remove Object (64) type (Undefined)
23:42:08  251 SceneGraph::updateType(): Error! Unable to remove Object (64) type (Undefined)
23:42:08  251 SceneGraph::updateType(): Error! Unable to remove Object (64) type (Undefined)
23:42:08  251 SceneGraph::updateType(): Error! Unable to remove Object (64) type (Undefined)
23:42:08  251 SceneGraph::updateType(): Error! Unable to remove Object (64) type (Undefined)
23:42:08  251 SceneGraph::updateType(): Error! Unable to remove Object (64) type (Undefined)
23:42:08  251 SceneGraph::updateType(): Error! Unable to remove Object (64) type (Undefined)
23:42:08  251 SceneGraph::updateType(): Error! Unable to remove Object (64) type (Undefined)
23:42:08  251 SceneGraph::updateType(): Error! Unable to remove Object (64) type (Undefined)
23:42:08  251 SceneGraph::updateType(): Error! Unable to remove Object (64) type (Undefined)
23:42:08  251 SceneGraph::updateType(): Error! Unable to remove Object (64) type (Undefined)
23:42:08  251 SceneGraph::updateType(): Error! Unable to remove Object (64) type (Undefined)
23:42:08  251 SceneGraph::updateType(): Error! Unable to remove Object (64) type (Undefined)
23:42:08  251 SceneGraph::updateType(): Error! Unable to remove Object (64) type (Undefined)
23:42:08  251 SceneGraph::updateType(): Error! Unable to remove Object (64) type (Undefined)
23:42:08  251 SceneGraph::updateType(): Error! Unable to remove Object (64) type (Undefined)
23:42:08  251 SceneGraph::updateType(): Error! Unable to remove Object (64) type (Undefined)
23:42:08  251 SceneGraph::updateType(): Error! Unable to remove Object (64) type (Undefined)
23:42:08  251 SceneGraph::updateType(): Error! Unable to remove Object (64) type (Undefined)
23:42:08  251 SceneGraph::updateType(): Error! Unable to remove Object (64) type (Undefined)
23:42:08  251 SceneGraph::updateType(): Error! Unable to remove Object (64) type (Undefined)
23:42:08  251 SceneGraph::updateType(): Error! Unable to remove Object (64) type (Undefined)
23:42:08  251 SceneGraph::updateType(): Error! Unable to remove Object (64) type (Undefined)
23:42:08  251 SceneGraph::updateType(): Error! Unable to remove Object (64) type (Undefined)
23:42:08  251 SceneGraph::updateType(): Error! Unable to remove Object (64) type (Undefined)
23:42:08  251 SceneGraph::updateType(): Error! Unable to remove Object (64) type (Undefined)
23:42:08  251 SceneGraph::updateType(): Error! Unable to remove Object (64) type (Undefined)
23:42:08  251 SceneGraph::updateType(): Error! Unable to remove Object (64) type (Undefined)
23:42:08  251 SceneGraph::updateType(): Error! Unable to remove Object (64) type (Undefined)
23:42:08  251 SceneGraph::updateType(): Error! Unable to remove Object (64) type (Undefined)
23:42:08  251 SceneGraph::updateType(): Error! Unable to remove Object (64) type (Undefined)
23:42:08  251 SceneGraph::updateType(): Error! Unable to remove Object (64) type (Undefined)
23:42:08  251 SceneGraph::updateType(): Error! Unable to remove Object (64) type (Undefined)
23:42:08  251 SceneGraph::updateType(): Error! Unable to remove Object (64) type (Undefined)
23:42:08  251 SceneGraph::updateType(): Error! Unable to remove Object (64) type (Undefined)
23:42:08  251 SceneGraph::updateType(): Error! Unable to remove Object (64) type (Undefined)
23:42:08  251 SceneGraph::updateType(): Error! Unable to remove Object (64) type (Undefined)
23:42:08  251 SceneGraph::updateType(): Error! Unable to remove Object (64) type (Undefined)
23:42:08  251 SceneGraph::updateType(): Error! Unable to remove Object (64) type (Undefined)
23:42:08  251 SceneGraph::updateType(): Error! Unable to remove Object (64) type (Undefined)
23:42:08  251 SceneGraph::updateType(): Error! Unable to remove Object (64) type (Undefined)
23:42:08  251 SceneGraph::updateType(): Error! Unable to remove Object (64) type (Undefined)
23:42:08  251 SceneGraph::updateType(): Error! Unable to remove Object (64) type (Undefined)
23:42:08  251 SceneGraph::updateType(): Error! Unable to remove Object (64) type (Undefined)
23:42:08  251 SceneGraph::updateType(): Error! Unable to remove Object (64) type (Undefined)
23:42:08  251 SceneGraph::updateType(): Error! Unable to remove Object (64) type (Undefined)
23:42:08  251 SceneGraph::updateType(): Error! Unable to remove Object (64) type (Undefined)
23:42:08  251 SceneGraph::updateType(): Error! Unable to remove Object (64) type (Undefined)
23:42:08  251 SceneGraph::updateType(): Error! Unable to remove Object (64) type (Undefined)
23:42:08  251 SceneGraph::updateType(): Error! Unable to remove Object (64) type (Undefined)
23:42:08  251 SceneGraph::updateType(): Error! Unable to remove Object (64) type (Undefined)
23:42:08  251 SceneGraph::updateType(): Error! Unable to remove Object (64) type (Undefined)
23:42:08  251 SceneGraph::updateType(): Error! Unable to remove Object (64) type (Undefined)
23:42:08  251 SceneGraph::updateType(): Error! Unable to remove Object (64) type (Undefined)
23:42:08  251 SceneGraph::updateType(): Error! Unable to remove Object (64) type (Undefined)
23:42:08  251 SceneGraph::updateType(): Error! Unable to remove Object (64) type (Undefined)
23:42:08  251 SceneGraph::updateType(): Error! Unable to remove Object (64) type (Undefined)
23:42:08  251 SceneGraph::updateType(): Error! Unable to remove Object (64) type (Undefined)
23:42:08  251 SceneGraph::updateType(): Error! Unable to remove Object (64) type (Undefined)
23:42:08  251 SceneGraph::updateType(): Error! Unable to remove Object (64) type (Undefined)
23:42:08  251 SceneGraph::updateType(): Error! Unable to remove Object (64) type (Undefined)
23:42:08  251 SceneGraph::updateType(): Error! Unable to remove Object (64) type (Undefined)
23:42:08  251 SceneGraph::updateType(): Error! Unable to remove Object (64) type (Undefined)
23:42:08  251 SceneGraph::updateType(): Error! Unable to remove Object (64) type (Undefined)
23:42:08  251 SceneGraph::updateType(): Error! Unable to remove Object (64) type (Undefined)
23:42:08  251 SceneGraph::updateType(): Error! Unable to remove Object (64) type (Undefined)
23:42:08  251 SceneGraph::updateType(): Error! Unable to remove Object (64) type (Undefined)
23:42:08  251 SceneGraph::updateType(): Error! Unable to remove Object (64) type (Undefined)
23:42:08  251 SceneGraph::updateType(): Error! Unable to remove Object (64) type (Undefined)
23:42:08  251 SceneGraph::updateType(): Error! Unable to remove Object (64) type (Undefined)
23:42:08  251 SceneGraph::updateType(): Error! Unable to remove Object (64) type (Undefined)
23:42:08  251 SceneGraph::updateType(): Error! Unable to remove Object (64) type (Undefined)
23:42:08  251 SceneGraph::updateType(): Error! Unable to remove Object (64) type (Undefined)
23:42:08  251 SceneGraph::updateType(): Error! Unable to remove Object (64) type (Undefined)
23:42:08  251 SceneGraph::updateType(): Error! Unable to remove Object (64) type (Undefined)
23:42:08  251 SceneGraph::updateType(): Error! Unable to remove Object (64) type (Undefined)
23:42:08  251 SceneGraph::updateType(): Error! Unable to remove Object (64) type (Undefined)
23:42:08  251 SceneGraph::updateType(): Error! Unable to remove Object (64) type (Undefined)
23:42:08  251 SceneGraph::updateType(): Error! Unable to remove Object (64) type (Undefined)
23:42:08  251 SceneGraph::updateType(): Error! Unable to remove Object (64) type (Undefined)
23:42:08  251 SceneGraph::updateType(): Error! Unable to remove Object (64) type (Undefined)
23:42:08  251 SceneGraph::updateType(): Error! Unable to remove Object (64) type (Undefined)
23:42:08  251 SceneGraph::updateType(): Error! Unable to remove Object (64) type (Undefined)
23:42:08  251 SceneGraph::updateType(): Error! Unable to remove Object (64) type (Undefined)
23:42:08  251 SceneGraph::updateType(): Error! Unable to remove Object (64) type (Undefined)
23:42:08  251 SceneGraph::updateType(): Error! Unable to remove Object (64) type (Undefined)
23:42:08  251 SceneGraph::updateType(): Error! Unable to remove Object (64) type (Undefined)
23:42:08  251 SceneGraph::updateType(): Error! Unable to remove Object (64) type (Undefined)
23:42:08  251 SceneGraph::updateType(): Error! Unable to remove Object (64) type (Undefined)
23:42:08  251 SceneGraph::updateType(): Error! Unable to remove Object (64) type (Undefined)
23:42:08  251 SceneGraph::updateType(): Error! Unable to remove Object (64) type (Undefined)
23:42:08  251 SceneGraph::updateType(): Error! Unable to remove Object (64) type (Undefined)
23:42:08  251 SceneGraph::updateType(): Error! Unable to remove Object (64) type (Undefined)
23:42:08  251 SceneGraph::updateType(): Error! Unable to remove Object (64) type (Undefined)
23:42:08  251 SceneGraph::updateType(): Error! Unable to remove Object (64) type (Undefined)
23:42:08  251 SceneGraph::updateType(): Error! Unable to remove Object (64) type (Undefined)
23:42:08  251 SceneGraph::updateType(): Error! Unable to remove Object (64) type (Undefined)
23:42:08  251 SceneGraph::updateType(): Error! Unable to remove Object (64) type (Undefined)
23:42:08  251 SceneGraph::updateType(): Error! Unable to remove Object (64) type (Undefined)
23:42:08  251 SceneGraph::updateType(): Error! Unable to remove Object (64) type (Undefined)
23:42:08  251 SceneGraph::updateType(): Error! Unable to remove Object (64) type (Undefined)
23:42:08  251 SceneGraph::updateType(): Error! Unable to remove Object (64) type (Undefined)
23:42:08  251 SceneGraph::updateType(): Error! Unable to remove Object (64) type (Undefined)
23:42:08  251 SceneGraph::updateType(): Error! Unable to remove Object (64) type (Undefined)
23:42:08  251 SceneGraph::updateType(): Error! Unable to remove Object (64) type (Undefined)
23:42:08  251 SceneGraph::updateType(): Error! Unable to remove Object (64) type (Undefined)
23:42:08  251 SceneGraph::updateType(): Error! Unable to remove Object (64) type (Undefined)
23:42:08  251 SceneGraph::updateType(): Error! Unable to remove Object (64) type (Undefined)
23:42:08  251 SceneGraph::updateType(): Error! Unable to remove Object (64) type (Undefined)
23:42:08  251 SceneGraph::updateType(): Error! Unable to remove Object (64) type (Undefined)
23:42:08  251 SceneGraph::updateType(): Error! Unable to remove Object (64) type (Undefined)
23:42:08  251 SceneGraph::updateType(): Error! Unable to remove Object (64) type (Undefined)
23:42:08  251 SceneGraph::updateType(): Error! Unable to remove Object (64) type (Undefined)
23:42:08  251 SceneGraph::updateType(): Error! Unable to remove Object (64) type (Undefined)
23:42:08  251 SceneGraph::updateType(): Error! Unable to remove Object (64) type (Undefined)
23:42:08  251 SceneGraph::updateType(): Error! Unable to remove Object (64) type (Undefined)
23:42:08  251 SceneGraph::updateType(): Error! Unable to remove Object (64) type (Undefined)
23:42:08  251 SceneGraph::updateType(): Error! Unable to remove Object (64) type (Undefined)
23:42:08  251 SceneGraph::updateType(): Error! Unable to remove Object (64) type (Undefined)
23:42:08  251 SceneGraph::updateType(): Error! Unable to remove Object (64) type (Undefined)
23:42:08  251 SceneGraph::updateType(): Error! Unable to remove Object (64) type (Undefined)
23:42:08  251 SceneGraph::updateType(): Error! Unable to remove Object (64) type (Undefined)
23:42:08  251 SceneGraph::updateType(): Error! Unable to remove Object (64) type (Undefined)
23:42:08  251 SceneGraph::updateType(): Error! Unable to remove Object (64) type (Undefined)
23:42:08  251 SceneGraph::updateType(): Error! Unable to remove Object (64) type (Undefined)
23:42:08  251 SceneGraph::updateType(): Error! Unable to remove Object (64) type (Undefined)
23:42:08  251 SceneGraph::updateType(): Error! Unable to remove Object (64) type (Undefined)
23:42:08  251 SceneGraph::updateType(): Error! Unable to remove Object (64) type (Undefined)
23:42:08  251 SceneGraph::updateType(): Error! Unable to remove Object (64) type (Undefined)
23:42:08  251 SceneGraph::updateType(): Error! Unable to remove Object (64) type (Undefined)
23:42:08  251 SceneGraph::updateType(): Error! Unable to remove Object (64) type (Undefined)
23:42:08  251 SceneGraph::updateType(): Error! Unable to remove Object (64) type (Undefined)
23:42:08  251 SceneGraph::updateType(): Error! Unable to remove Object (64) type (Undefined)
23:42:08  251 SceneGraph::updateType(): Error! Unable to remove Object (64) type (Undefined)
23:42:08  251 SceneGraph::updateType(): Error! Unable to remove Object (64) type (Undefined)
23:42:08  251 SceneGraph::updateType(): Error! Unable to remove Object (64) type (Undefined)
23:42:08  251 SceneGraph::updateType(): Error! Unable to remove Object (64) type (Undefined)
23:42:08  251 SceneGraph::updateType(): Error! Unable to remove Object (64) type (Undefined)
23:42:08  251 SceneGraph::updateType(): Error! Unable to remove Object (64) type (Undefined)
23:42:08  251 SceneGraph::updateType(): Error! Unable to remove Object (64) type (Undefined)
23:42:08  251 SceneGraph::updateType(): Error! Unable to remove Object (64) type (Undefined)
23:42:08  251 SceneGraph::updateType(): Error! Unable to remove Object (64) type (Undefined)
23:42:08  251 SceneGraph::updateType(): Error! Unable to remove Object (64) type (Undefined)
23:42:08  251 SceneGraph::updateType(): Error! Unable to remove Object (64) type (Undefined)
23:42:08  251 SceneGraph::updateType(): Error! Unable to remove Object (64) type (Undefined)
23:42:08  251 SceneGraph::updateType(): Error! Unable to remove Object (64) type (Undefined)
23:42:08  251 SceneGraph::updateType(): Error! Unable to remove Object (64) type (Undefined)
23:42:08  251 SceneGraph::updateType(): Error! Unable to remove Object (64) type (Undefined)
23:42:08  251 SceneGraph::updateType(): Error! Unable to remove Object (64) type (Undefined)
23:42:08  251 SceneGraph::updateType(): Error! Unable to remove Object (64) type (Undefined)
23:42:08  251 SceneGraph::updateType(): Error! Unable to remove Object (64) type (Undefined)
23:42:08  251 SceneGraph::updateType(): Error! Unable to remove Object (64) type (Undefined)
23:42:08  251 SceneGraph::updateType(): Error! Unable to remove Object (64) type (Undefined)
23:42:08  251 SceneGraph::updateType(): Error! Unable to remove Object (64) type (Undefined)
23:42:08  251 SceneGraph::updateType(): Error! Unable to remove Object (64) type (Undefined)
23:42:08  251 SceneGraph::updateType(): Error! Unable to remove Object (64) type (Undefined)
23:42:08  251 SceneGraph::updateType(): Error! Unable to remove Object (64) type (Undefined)
23:42:08  251 SceneGraph::updateType(): Error! Unable to remove Object (64) type (Undefined)
23:42:08  251 SceneGraph::updateType(): Error! Unable to remove Object (64) type (Undefined)
23:42:08  251 SceneGraph::updateType(): Error! Unable to remove Object (64) type (Undefined)
23:42:08  251 SceneGraph::updateType(): Error! Unable to remove Object (64) type (Undefined)
23:42:08  251 SceneGraph::updateType(): Error! Unable to remove Object (64) type (Undefined)
23:42:08  251 SceneGraph::updateType(): Error! Unable to remove Object (64) type (Undefined)
23:42:08  251 SceneGraph::updateType(): Error! Unable to remove Object (64) type (Undefined)
23:42:08  251 SceneGraph::updateType(): Error! Unable to remove Object (64) type (Undefined)
23:42:08  251 SceneGraph::updateType(): Error! Unable to remove Object (64) type (Undefined)
23:42:08  251 SceneGraph::updateType(): Error! Unable to remove Object (64) type (Undefined)
23:42:08  251 SceneGraph::updateType(): Error! Unable to remove Object (64) type (Undefined)
23:42:08  251 SceneGraph::updateType(): Error! Unable to remove Object (64) type (Undefined)
23:42:08  251 SceneGraph::updateType(): Error! Unable to remove Object (64) type (Undefined)
23:42:08  251 SceneGraph::updateType(): Error! Unable to remove Object (64) type (Undefined)
23:42:08  251 SceneGraph::updateType(): Error! Unable to remove Object (64) type (Undefined)
23:42:08  251 SceneGraph::updateType(): Error! Unable to remove Object (64) type (Undefined)
23:42:08  251 SceneGraph::updateType(): Error! Unable to remove Object (64) type (Undefined)
23:42:08  251 SceneGraph::updateType(): Error! Unable to remove Object (64) type (Undefined)
23:42:08  251 SceneGraph::updateType(): Error! Unable to remove Object (64) type (Undefined)
23:42:08  251 SceneGraph::updateType(): Error! Unable to remove Object (64) type (Undefined)
23:42:08  251 SceneGraph::updateType(): Error! Unable to remove Object (64) type (Undefined)
23:42:08  251 SceneGraph::updateType(): Error! Unable to remove Object (64) type (Undefined)
23:42:08  251 SceneGraph::updateType(): Error! Unable to remove Object (64) type (Undefined)
23:42:08  251 SceneGraph::updateType(): Error! Unable to remove Object (64) type (Undefined)
23:42:08  251 SceneGraph::updateType(): Error! Unable to remove Object (64) type (Undefined)
23:42:08  251 SceneGraph::updateType(): Error! Unable to remove Object (64) type (Undefined)
23:42:08  251 SceneGraph::updateType(): Error! Unable to remove Object (64) type (Undefined)
23:42:08  251 SceneGraph::updateType(): Error! Unable to remove Object (64) type (Undefined)
23:42:08  251 SceneGraph::updateType(): Error! Unable to remove Object (64) type (Undefined)
23:42:08  251 SceneGraph::updateType(): Error! Unable to remove Object (64) type (Undefined)
23:42:08  251 SceneGraph::updateType(): Error! Unable to remove Object (64) type (Undefined)
23:42:08  251 SceneGraph::updateType(): Error! Unable to remove Object (64) type (Undefined)
23:42:08  251 SceneGraph::updateType(): Error! Unable to remove Object (64) type (Undefined)
23:42:08  251 SceneGraph::updateType(): Error! Unable to remove Object (64) type (Undefined)
23:42:08  251 SceneGraph::updateType(): Error! Unable to remove Object (64) type (Undefined)
23:42:08  251 SceneGraph::updateType(): Error! Unable to remove Object (64) type (Undefined)
23:42:08  251 SceneGraph::updateType(): Error! Unable to remove Object (64) type (Undefined)
23:42:08  251 SceneGraph::updateType(): Error! Unable to remove Object (64) type (Undefined)
23:42:08  251 SceneGraph::updateType(): Error! Unable to remove Object (64) type (Undefined)
23:42:08  251 SceneGraph::updateType(): Error! Unable to remove Object (64) type (Undefined)
23:42:08  251 SceneGraph::updateType(): Error! Unable to remove Object (64) type (Undefined)
23:42:08  251 SceneGraph::updateType(): Error! Unable to remove Object (64) type (Undefined)
23:42:08  251 SceneGraph::updateType(): Error! Unable to remove Object (64) type (Undefined)
23:42:08  251 SceneGraph::updateType(): Error! Unable to remove Object (64) type (Undefined)
23:42:08  251 SceneGraph::updateType(): Error! Unable to remove Object (64) type (Undefined)
23:42:08  251 SceneGraph::updateType(): Error! Unable to remove Object (64) type (Undefined)
23:42:08  251 SceneGraph::updateType(): Error! Unable to remove Object (64) type (Undefined)
23:42:08  251 SceneGraph::updateType(): Error! Unable to remove Object (64) type (Undefined)
23:42:08  251 SceneGraph::updateType(): Error! Unable to remove Object (64) type (Undefined)
23:42:08  251 SceneGraph::updateType(): Error! Unable to remove Object (64) type (Undefined)
23:42:08  251 SceneGraph::updateType(): Error! Unable to remove Object (64) type (Undefined)
23:42:08  251 SceneGraph::updateType(): Error! Unable to remove Object (64) type (Undefined)
23:42:08  251 SceneGraph::updateType(): Error! Unable to remove Object (64) type (Undefined)
23:42:08  251 SceneGraph::updateType(): Error! Unable to remove Object (64) type (Undefined)
23:42:08  251 SceneGraph::updateType(): Error! Unable to remove Object (64) type (Undefined)
23:42:08  251 SceneGraph::updateType(): Error! Unable to remove Object (64) type (Undefined)
23:42:08  251 SceneGraph::updateType(): Error! Unable to remove Object (64) type (Undefined)
23:42:08  251 SceneGraph::updateType(): Error! Unable to remove Object (64) type (Undefined)
23:42:08  251 SceneGraph::updateType(): Error! Unable to remove Object (64) type (Undefined)
23:42:08  251 SceneGraph::updateType(): Error! Unable to remove Object (64) type (Undefined)
23:42:08  251 SceneGraph::updateType(): Error! Unable to remove Object (64) type (Undefined)
23:42:08  251 SceneGraph::updateType(): Error! Unable to remove Object (64) type (Undefined)
23:42:08  251 SceneGraph::updateType(): Error! Unable to remove Object (64) type (Undefined)
23:42:08  251 SceneGraph::updateType(): Error! Unable to remove Object (64) type (Undefined)
23:42:08  251 SceneGraph::updateType(): Error! Unable to remove Object (64) type (Undefined)
23:42:08  251 SceneGraph::updateType(): Error! Unable to remove Object (64) type (Undefined)
23:42:08  251 SceneGraph::updateType(): Error! Unable to remove Object (64) type (Undefined)
23:42:08  251 SceneGraph::updateType(): Error! Unable to remove Object (64) type (Undefined)
23:42:08  251 SceneGraph::updateType(): Error! Unable to remove Object (64) type (Undefined)
23:42:08  251 SceneGraph::updateType(): Error! Unable to remove Object (64) type (Undefined)
23:42:08  251 SceneGraph::updateType(): Error! Unable to remove Object (64) type (Undefined)
23:42:08  251 SceneGraph::updateType(): Error! Unable to remove Object (64) type (Undefined)
23:42:08  251 SceneGraph::updateType(): Error! Unable to remove Object (64) type (Undefined)
23:42:08  251 SceneGraph::updateType(): Error! Unable to remove Object (64) type (Undefined)
23:42:08  251 SceneGraph::updateType(): Error! Unable to remove Object (64) type (Undefined)
23:42:08  251 SceneGraph::updateType(): Error! Unable to remove Object (64) type (Undefined)
23:42:08  251 SceneGraph::updateType(): Error! Unable to remove Object (64) type (Undefined)
23:42:08  251 SceneGraph::updateType(): Error! Unable to remove Object (64) type (Undefined)
23:42:08  251 SceneGraph::updateType(): Error! Unable to remove Object (64) type (Undefined)
23:42:08  251 SceneGraph::updateType(): Error! Unable to remove Object (64) type (Undefined)
23:42:08  251 SceneGraph::updateType(): Error! Unable to remove Object (64) type (Undefined)
23:42:08  251 SceneGraph::updateType(): Error! Unable to remove Object (64) type (Undefined)
23:42:08  251 SceneGraph::updateType(): Error! Unable to remove Object (64) type (Undefined)
23:42:08  251 SceneGraph::updateType(): Error! Unable to remove Object (64) type (Undefined)
23:42:08  251 SceneGraph::updateType(): Error! Unable to remove Object (64) type (Undefined)
23:42:08  251 SceneGraph::updateType(): Error! Unable to remove Object (64) type (Undefined)
23:42:08  251 SceneGraph::updateType(): Error! Unable to remove Object (64) type (Undefined)
23:42:08  251 SceneGraph::updateType(): Error! Unable to remove Object (64) type (Undefined)
23:42:08  251 SceneGraph::updateType(): Error! Unable to remove Object (64) type (Undefined)
23:42:08  251 SceneGraph::updateType(): Error! Unable to remove Object (64) type (Undefined)
23:42:08  251 SceneGraph::updateType(): Error! Unable to remove Object (64) type (Undefined)
23:42:08  251 SceneGraph::updateType(): Error! Unable to remove Object (64) type (Undefined)
23:42:08  251 SceneGraph::updateType(): Error! Unable to remove Object (64) type (Undefined)
23:42:08  251 SceneGraph::updateType(): Error! Unable to remove Object (64) type (Undefined)
23:42:08  251 SceneGraph::updateType(): Error! Unable to remove Object (64) type (Undefined)
23:42:08  251 SceneGraph::updateType(): Error! Unable to remove Object (64) type (Undefined)
23:42:08  251 SceneGraph::updateType(): Error! Unable to remove Object (64) type (Undefined)
23:42:08  251 SceneGraph::updateType(): Error! Unable to remove Object (64) type (Undefined)
23:42:08  251 SceneGraph::updateType(): Error! Unable to remove Object (64) type (Undefined)
23:42:08  251 SceneGraph::updateType(): Error! Unable to remove Object (64) type (Undefined)
23:42:08  251 SceneGraph::updateType(): Error! Unable to remove Object (64) type (Undefined)
23:42:08  251 SceneGraph::updateType(): Error! Unable to remove Object (64) type (Undefined)
23:42:08  251 SceneGraph::updateType(): Error! Unable to remove Object (64) type (Undefined)
23:42:08  251 SceneGraph::updateType(): Error! Unable to remove Object (64) type (Undefined)
23:42:08  251 SceneGraph::updateType(): Error! Unable to remove Object (64) type (Undefined)
23:42:08  251 SceneGraph::updateType(): Error! Unable to remove Object (64) type (Undefined)
23:42:08  251 SceneGraph::updateType(): Error! Unable to remove Object (64) type (Undefined)
23:42:08  251 SceneGraph::updateType(): Error! Unable to remove Object (64) type (Undefined)
23:42:08  251 SceneGraph::updateType(): Error! Unable to remove Object (64) type (Undefined)
23:42:08  251 SceneGraph::updateType(): Error! Unable to remove Object (64) type (Undefined)
23:42:08  251 SceneGraph::updateType(): Error! Unable to remove Object (64) type (Undefined)
23:42:08  251 SceneGraph::updateType(): Error! Unable to remove Object (64) type (Undefined)
23:42:08  251 SceneGraph::updateType(): Error! Unable to remove Object (64) type (Undefined)
23:42:08  251 SceneGraph::updateType(): Error! Unable to remove Object (64) type (Undefined)
23:42:08  251 SceneGraph::updateType(): Error! Unable to remove Object (64) type (Undefined)
23:42:08  251 SceneGraph::updateType(): Error! Unable to remove Object (64) type (Undefined)
23:42:08  251 SceneGraph::updateType(): Error! Unable to remove Object (64) type (Undefined)
23:42:08  251 SceneGraph::updateType(): Error! Unable to remove Object (64) type (Undefined)
23:42:08  251 SceneGraph::updateType(): Error! Unable to remove Object (64) type (Undefined)
23:42:08  251 SceneGraph::updateType(): Error! Unable to remove Object (64) type (Undefined)
23:42:08  251 SceneGraph::updateType(): Error! Unable to remove Object (64) type (Undefined)
23:42:08  251 SceneGraph::updateType(): Error! Unable to remove Object (64) type (Undefined)
23:42:08  251 SceneGraph::updateType(): Error! Unable to remove Object (64) type (Undefined)
23:42:08  251 SceneGraph::updateType(): Error! Unable to remove Object (64) type (Undefined)
23:42:08  251 SceneGraph::updateType(): Error! Unable to remove Object (64) type (Undefined)
23:42:08  251 SceneGraph::updateType(): Error! Unable to remove Object (64) type (Undefined)
23:42:08  251 SceneGraph::updateType(): Error! Unable to remove Object (64) type (Undefined)
23:42:08  251 SceneGraph::updateType(): Error! Unable to remove Object (64) type (Undefined)
23:42:08  251 SceneGraph::updateType(): Error! Unable to remove Object (64) type (Undefined)
23:42:08  251 SceneGraph::updateType(): Error! Unable to remove Object (64) type (Undefined)
23:42:08  251 SceneGraph::updateType(): Error! Unable to remove Object (64) type (Undefined)
23:42:08  251 SceneGraph::updateType(): Error! Unable to remove Object (64) type (Undefined)
23:42:08  251 SceneGraph::updateType(): Error! Unable to remove Object (64) type (Undefined)
23:42:08  251 SceneGraph::updateType(): Error! Unable to remove Object (64) type (Undefined)
23:42:08  251 SceneGraph::updateType(): Error! Unable to remove Object (64) type (Undefined)
23:42:08  251 SceneGraph::updateType(): Error! Unable to remove Object (64) type (Undefined)
23:42:08  251 SceneGraph::updateType(): Error! Unable to remove Object (64) type (Undefined)
23:42:08  251 SceneGraph::updateType(): Error! Unable to remove Object (64) type (Undefined)
23:42:08  251 SceneGraph::updateType(): Error! Unable to remove Object (64) type (Undefined)
23:42:08  251 SceneGraph::updateType(): Error! Unable to remove Object (64) type (Undefined)
23:42:08  251 SceneGraph::updateType(): Error! Unable to remove Object (64) type (Undefined)
23:42:08  251 SceneGraph::updateType(): Error! Unable to remove Object (64) type (Undefined)
23:42:08  251 SceneGraph::updateType(): Error! Unable to remove Object (64) type (Undefined)
23:42:08  251 SceneGraph::updateType(): Error! Unable to remove Object (64) type (Undefined)
23:42:08  251 SceneGraph::updateType(): Error! Unable to remove Object (64) type (Undefined)
23:42:08  251 SceneGraph::updateType(): Error! Unable to remove Object (64) type (Undefined)
23:42:08  251 SceneGraph::updateType(): Error! Unable to remove Object (64) type (Undefined)
23:42:08  251 SceneGraph::updateType(): Error! Unable to remove Object (64) type (Undefined)
23:42:08  251 SceneGraph::updateType(): Error! Unable to remove Object (64) type (Undefined)
23:42:08  251 SceneGraph::updateType(): Error! Unable to remove Object (64) type (Undefined)
23:42:08  251 SceneGraph::updateType(): Error! Unable to remove Object (64) type (Undefined)
23:42:08  251 SceneGraph::updateType(): Error! Unable to remove Object (64) type (Undefined)
23:42:08  251 SceneGraph::updateType(): Error! Unable to remove Object (64) type (Undefined)
23:42:08  251 SceneGraph::updateType(): Error! Unable to remove Object (64) type (Undefined)
23:42:08  251 SceneGraph::updateType(): Error! Unable to remove Object (64) type (Undefined)
23:42:08  251 SceneGraph::updateType(): Error! Unable to remove Object (64) type (Undefined)
23:42:08  251 SceneGraph::updateType(): Error! Unable to remove Object (64) type (Undefined)
23:42:08  251 SceneGraph::updateType(): Error! Unable to remove Object (64) type (Undefined)
23:42:08  251 SceneGraph::updateType(): Error! Unable to remove Object (64) type (Undefined)
23:42:08  251 SceneGraph::updateType(): Error! Unable to remove Object (64) type (Undefined)
23:42:08  251 SceneGraph::updateType(): Error! Unable to remove Object (64) type (Undefined)
23:42:08  251 SceneGraph::updateType(): Error! Unable to remove Object (64) type (Undefined)
23:42:08  251 SceneGraph::updateType(): Error! Unable to remove Object (64) type (Undefined)
23:42:08  251 SceneGraph::updateType(): Error! Unable to remove Object (64) type (Undefined)
23:42:08  251 SceneGraph::updateType(): Error! Unable to remove Object (64) type (Undefined)
23:42:08  251 SceneGraph::updateType(): Error! Unable to remove Object (64) type (Undefined)
23:42:08  251 SceneGraph::updateType(): Error! Unable to remove Object (64) type (Undefined)
23:42:08  251 SceneGraph::updateType(): Error! Unable to remove Object (64) type (Undefined)
23:42:08  251 SceneGraph::updateType(): Error! Unable to remove Object (64) type (Undefined)
23:42:08  251 SceneGraph::updateType(): Error! Unable to remove Object (64) type (Undefined)
23:42:08  251 SceneGraph::updateType(): Error! Unable to remove Object (64) type (Undefined)
23:42:08  251 SceneGraph::updateType(): Error! Unable to remove Object (64) type (Undefined)
23:42:08  251 SceneGraph::updateType(): Error! Unable to remove Object (64) type (Undefined)
23:42:08  251 SceneGraph::updateType(): Error! Unable to remove Object (64) type (Undefined)
23:42:08  251 SceneGraph::updateType(): Error! Unable to remove Object (64) type (Undefined)
23:42:08  251 SceneGraph::updateType(): Error! Unable to remove Object (64) type (Undefined)
23:42:08  251 SceneGraph::updateType(): Error! Unable to remove Object (64) type (Undefined)
23:42:08  251 SceneGraph::updateType(): Error! Unable to remove Object (64) type (Undefined)
23:42:08  251 SceneGraph::updateType(): Error! Unable to remove Object (64) type (Undefined)
23:42:08  251 SceneGraph::updateType(): Error! Unable to remove Object (64) type (Undefined)
23:42:08  251 SceneGraph::updateType(): Error! Unable to remove Object (64) type (Undefined)
23:42:08  251 SceneGraph::updateType(): Error! Unable to remove Object (64) type (Undefined)
23:42:08  251 SceneGraph::updateType(): Error! Unable to remove Object (64) type (Undefined)
23:42:08  251 SceneGraph::updateType(): Error! Unable to remove Object (64) type (Undefined)
23:42:08  251 SceneGraph::updateType(): Error! Unable to remove Object (64) type (Undefined)
23:42:08  251 SceneGraph::updateType(): Error! Unable to remove Object (64) type (Undefined)
23:42:08  251 SceneGraph::updateType(): Error! Unable to remove Object (64) type (Undefined)
23:42:08  251 SceneGraph::updateType(): Error! Unable to remove Object (64) type (Undefined)
23:42:08  251 SceneGraph::updateType(): Error! Unable to remove Object (64) type (Undefined)
23:42:08  251 SceneGraph::updateType(): Error! Unable to remove Object (64) type (Undefined)
23:42:08  251 SceneGraph::updateType(): Error! Unable to remove Object (64) type (Undefined)
23:42:08  251 SceneGraph::updateType(): Error! Unable to remove Object (64) type (Undefined)
23:42:08  251 SceneGraph::updateType(): Error! Unable to remove Object (64) type (Undefined)
23:42:08  251 SceneGraph::updateType(): Error! Unable to remove Object (64) type (Undefined)
23:42:08  251 SceneGraph::updateType(): Error! Unable to remove Object (64) type (Undefined)
23:42:08  251 SceneGraph::updateType(): Error! Unable to remove Object (64) type (Undefined)
23:42:08  251 SceneGraph::updateType(): Error! Unable to remove Object (64) type (Undefined)
23:42:08  251 SceneGraph::updateType(): Error! Unable to remove Object (64) type (Undefined)
23:42:08  251 SceneGraph::updateType(): Error! Unable to remove Object (64) type (Undefined)
23:42:08  251 SceneGraph::updateType(): Error! Unable to remove Object (64) type (Undefined)
23:42:08  251 SceneGraph::updateType(): Error! Unable to remove Object (64) type (Undefined)
23:42:08  251 SceneGraph::updateType(): Error! Unable to remove Object (64) type (Undefined)
23:42:08  251 SceneGraph::updateType(): Error! Unable to remove Object (64) type (Undefined)
23:42:08  251 SceneGraph::updateType(): Error! Unable to remove Object (64) type (Undefined)
23:42:08  251 SceneGraph::updateType(): Error! Unable to remove Object (64) type (Undefined)
23:42:08  251 SceneGraph::updateType(): Error! Unable to remove Object (64) type (Undefined)
23:42:08  251 SceneGraph::updateType(): Error! Unable to remove Object (64) type (Undefined)
23:42:08  251 SceneGraph::updateType(): Error! Unable to remove Object (64) type (Undefined)
23:42:08  251 SceneGraph::updateType(): Error! Unable to remove Object (64) type (Undefined)
23:42:08  251 SceneGraph::updateType(): Error! Unable to remove Object (64) type (Undefined)
23:42:08  251 SceneGraph::updateType(): Error! Unable to remove Object (64) type (Undefined)
23:42:08  251 SceneGraph::updateType(): Error! Unable to remove Object (64) type (Undefined)
23:42:08  251 SceneGraph::updateType(): Error! Unable to remove Object (64) type (Undefined)
23:42:08  251 SceneGraph::updateType(): Error! Unable to remove Object (64) type (Undefined)
23:42:08  251 SceneGraph::updateType(): Error! Unable to remove Object (64) type (Undefined)
23:42:08  251 SceneGraph::updateType(): Error! Unable to remove Object (64) type (Undefined)
23:42:08  251 SceneGraph::updateType(): Error! Unable to remove Object (64) type (Undefined)
23:42:08  251 SceneGraph::updateType(): Error! Unable to remove Object (64) type (Undefined)
23:42:08  251 SceneGraph::updateType(): Error! Unable to remove Object (64) type (Undefined)
23:42:08  251 SceneGraph::updateType(): Error! Unable to remove Object (64) type (Undefined)
23:42:08  251 SceneGraph::updateType(): Error! Unable to remove Object (64) type (Undefined)
23:42:08  251 SceneGraph::updateType(): Error! Unable to remove Object (64) type (Undefined)
23:42:08  251 SceneGraph::updateType(): Error! Unable to remove Object (64) type (Undefined)
23:42:08  251 SceneGraph::updateType(): Error! Unable to remove Object (64) type (Undefined)
23:42:08  251 SceneGraph::updateType(): Error! Unable to remove Object (64) type (Undefined)
23:42:08  251 SceneGraph::updateType(): Error! Unable to remove Object (64) type (Undefined)
23:42:08  251 SceneGraph::updateType(): Error! Unable to remove Object (64) type (Undefined)
23:42:08  251 SceneGraph::updateType(): Error! Unable to remove Object (64) type (Undefined)
23:42:08  251 SceneGraph::updateType(): Error! Unable to remove Object (64) type (Undefined)
23:42:08  251 SceneGraph::updateType(): Error! Unable to remove Object (64) type (Undefined)
23:42:08  251 SceneGraph::updateType(): Error! Unable to remove Object (64) type (Undefined)
23:42:08  251 SceneGraph::updateType(): Error! Unable to remove Object (64) type (Undefined)
23:42:08  251 SceneGraph::updateType(): Error! Unable to remove Object (64) type (Undefined)
23:42:08  251 SceneGraph::updateType(): Error! Unable to remove Object (64) type (Undefined)
23:42:08  251 SceneGraph::updateType(): Error! Unable to remove Object (64) type (Undefined)
23:42:08  251 SceneGraph::updateType(): Error! Unable to remove Object (64) type (Undefined)
23:42:08  251 SceneGraph::updateType(): Error! Unable to remove Object (64) type (Undefined)
23:42:08  251 SceneGraph::updateType(): Error! Unable to remove Object (64) type (Undefined)
23:42:08  251 SceneGraph::updateType(): Error! Unable to remove Object (64) type (Undefined)
23:42:08  251 SceneGraph::updateType(): Error! Unable to remove Object (64) type (Undefined)
23:42:08  251 SceneGraph::updateType(): Error! Unable to remove Object (64) type (Undefined)
23:42:08  251 SceneGraph::updateType(): Error! Unable to remove Object (64) type (Undefined)
23:42:08  251 SceneGraph::updateType(): Error! Unable to remove Object (64) type (Undefined)
23:42:08  251 SceneGraph::updateType(): Error! Unable to remove Object (64) type (Undefined)
23:42:08  251 SceneGraph::updateType(): Error! Unable to remove Object (64) type (Undefined)
23:42:08  251 SceneGraph::updateType(): Error! Unable to remove Object (64) type (Undefined)
23:42:08  251 SceneGraph::updateType(): Error! Unable to remove Object (64) type (Undefined)
23:42:08  251 SceneGraph::updateType(): Error! Unable to remove Object (64) type (Undefined)
23:42:08  251 SceneGraph::updateType(): Error! Unable to remove Object (64) type (Undefined)
23:42:08  251 SceneGraph::updateType(): Error! Unable to remove Object (64) type (Undefined)
23:42:08  251 SceneGraph::updateType(): Error! Unable to remove Object (64) type (Undefined)
23:42:08  251 SceneGraph::updateType(): Error! Unable to remove Object (64) type (Undefined)
23:42:08  251 SceneGraph::updateType(): Error! Unable to remove Object (64) type (Undefined)
23:42:08  251 SceneGraph::updateType(): Error! Unable to remove Object (64) type (Undefined)
23:42:08  251 SceneGraph::updateType(): Error! Unable to remove Object (64) type (Undefined)
23:42:08  251 SceneGraph::updateType(): Error! Unable to remove Object (64) type (Undefined)
23:42:08  251 SceneGraph::updateType(): Error! Unable to remove Object (64) type (Undefined)
23:42:08  251 SceneGraph::updateType(): Error! Unable to remove Object (64) type (Undefined)
23:42:08  251 SceneGraph::updateType(): Error! Unable to remove Object (64) type (Undefined)
23:42:08  251 SceneGraph::updateType(): Error! Unable to remove Object (64) type (Undefined)
23:42:08  251 SceneGraph::updateType(): Error! Unable to remove Object (64) type (Undefined)
23:42:08  251 SceneGraph::updateType(): Error! Unable to remove Object (64) type (Undefined)
23:42:08  251 SceneGraph::updateType(): Error! Unable to remove Object (64) type (Undefined)
23:42:08  251 SceneGraph::updateType(): Error! Unable to remove Object (64) type (Undefined)
23:42:08  251 SceneGraph::updateType(): Error! Unable to remove Object (64) type (Undefined)
23:42:08  251 SceneGraph::updateType(): Error! Unable to remove Object (64) type (Undefined)
23:42:08  251 SceneGraph::updateType(): Error! Unable to remove Object (64) type (Undefined)
23:42:08  251 SceneGraph::updateType(): Error! Unable to remove Object (64) type (Undefined)
23:42:08  251 SceneGraph::updateType(): Error! Unable to remove Object (64) type (Undefined)
23:42:08  251 SceneGraph::updateType(): Error! Unable to remove Object (64) type (Undefined)
23:42:08  251 SceneGraph::updateType(): Error! Unable to remove Object (64) type (Undefined)
23:42:08  251 SceneGraph::updateType(): Error! Unable to remove Object (64) type (Undefined)
23:42:08  251 SceneGraph::updateType(): Error! Unable to remove Object (64) type (Undefined)
23:42:08  251 SceneGraph::updateType(): Error! Unable to remove Object (64) type (Undefined)
23:42:08  251 SceneGraph::updateType(): Error! Unable to remove Object (64) type (Undefined)
23:42:08  251 SceneGraph::updateType(): Error! Unable to remove Object (64) type (Undefined)
23:42:08  251 SceneGraph::updateType(): Error! Unable to remove Object (64) type (Undefined)
23:42:08  251 SceneGraph::updateType(): Error! Unable to remove Object (64) type (Undefined)
23:42:08  251 ****************************************************
23:42:08  251 ** Game engine stopped **
