  Saucer.cpp
  game.cpp
  Generating Code...
libdragonfly-x64-debug.lib(Animation.obj) : warning LNK4099: PDB 'dragonfly.pdb' was not found with 'libdragonfly-x64-debug.lib(Animation.obj)' or at 'G:\Visual Studio\Projects\game4\vs-2019\x64\Debug\dragonfly.pdb'; linking object as if no debug info
libdragonfly-x64-debug.lib(Box.obj) : warning LNK4099: PDB 'dragonfly.pdb' was not found with 'libdragonfly-x64-debug.lib(Box.obj)' or at 'G:\Visual Studio\Projects\game4\vs-2019\x64\Debug\dragonfly.pdb'; linking object as if no debug info
libdragonfly-x64-debug.lib(Circle.obj) : warning LNK4099: PDB 'dragonfly.pdb' was not found with 'libdragonfly-x64-debug.lib(Circle.obj)' or at 'G:\Visual Studio\Projects\game4\vs-2019\x64\Debug\dragonfly.pdb'; linking object as if no debug info
libdragonfly-x64-debug.lib(Clock.obj) : warning LNK4099: PDB 'dragonfly.pdb' was not found with 'libdragonfly-x64-debug.lib(Clock.obj)' or at 'G:\Visual Studio\Projects\game4\vs-2019\x64\Debug\dragonfly.pdb'; linking object as if no debug info
libdragonfly-x64-debug.lib(Config.obj) : warning LNK4099: PDB 'dragonfly.pdb' was not found with 'libdragonfly-x64-debug.lib(Config.obj)' or at 'G:\Visual Studio\Projects\game4\vs-2019\x64\Debug\dragonfly.pdb'; linking object as if no debug info
libdragonfly-x64-debug.lib(DisplayManager.obj) : warning LNK4099: PDB 'dragonfly.pdb' was not found with 'libdragonfly-x64-debug.lib(DisplayManager.obj)' or at 'G:\Visual Studio\Projects\game4\vs-2019\x64\Debug\dragonfly.pdb'; linking object as if no debug info
libdragonfly-x64-debug.lib(Event.obj) : warning LNK4099: PDB 'dragonfly.pdb' was not found with 'libdragonfly-x64-debug.lib(Event.obj)' or at 'G:\Visual Studio\Projects\game4\vs-2019\x64\Debug\dragonfly.pdb'; linking object as if no debug info
libdragonfly-x64-debug.lib(EventCollision.obj) : warning LNK4099: PDB 'dragonfly.pdb' was not found with 'libdragonfly-x64-debug.lib(EventCollision.obj)' or at 'G:\Visual Studio\Projects\game4\vs-2019\x64\Debug\dragonfly.pdb'; linking object as if no debug info
libdragonfly-x64-debug.lib(EventKeyboard.obj) : warning LNK4099: PDB 'dragonfly.pdb' was not found with 'libdragonfly-x64-debug.lib(EventKeyboard.obj)' or at 'G:\Visual Studio\Projects\game4\vs-2019\x64\Debug\dragonfly.pdb'; linking object as if no debug info
libdragonfly-x64-debug.lib(EventMouse.obj) : warning LNK4099: PDB 'dragonfly.pdb' was not found with 'libdragonfly-x64-debug.lib(EventMouse.obj)' or at 'G:\Visual Studio\Projects\game4\vs-2019\x64\Debug\dragonfly.pdb'; linking object as if no debug info
libdragonfly-x64-debug.lib(EventNetwork.obj) : warning LNK4099: PDB 'dragonfly.pdb' was not found with 'libdragonfly-x64-debug.lib(EventNetwork.obj)' or at 'G:\Visual Studio\Projects\game4\vs-2019\x64\Debug\dragonfly.pdb'; linking object as if no debug info
libdragonfly-x64-debug.lib(EventOut.obj) : warning LNK4099: PDB 'dragonfly.pdb' was not found with 'libdragonfly-x64-debug.lib(EventOut.obj)' or at 'G:\Visual Studio\Projects\game4\vs-2019\x64\Debug\dragonfly.pdb'; linking object as if no debug info
libdragonfly-x64-debug.lib(EventPath.obj) : warning LNK4099: PDB 'dragonfly.pdb' was not found with 'libdragonfly-x64-debug.lib(EventPath.obj)' or at 'G:\Visual Studio\Projects\game4\vs-2019\x64\Debug\dragonfly.pdb'; linking object as if no debug info
libdragonfly-x64-debug.lib(EventStep.obj) : warning LNK4099: PDB '' was not found with 'libdragonfly-x64-debug.lib(EventStep.obj)' or at ''; linking object as if no debug info
libdragonfly-x64-debug.lib(Firework.obj) : warning LNK4099: PDB 'dragonfly.pdb' was not found with 'libdragonfly-x64-debug.lib(Firework.obj)' or at 'G:\Visual Studio\Projects\game4\vs-2019\x64\Debug\dragonfly.pdb'; linking object as if no debug info
libdragonfly-x64-debug.lib(Frame.obj) : warning LNK4099: PDB 'dragonfly.pdb' was not found with 'libdragonfly-x64-debug.lib(Frame.obj)' or at 'G:\Visual Studio\Projects\game4\vs-2019\x64\Debug\dragonfly.pdb'; linking object as if no debug info
libdragonfly-x64-debug.lib(GameManager.obj) : warning LNK4099: PDB 'dragonfly.pdb' was not found with 'libdragonfly-x64-debug.lib(GameManager.obj)' or at 'G:\Visual Studio\Projects\game4\vs-2019\x64\Debug\dragonfly.pdb'; linking object as if no debug info
libdragonfly-x64-debug.lib(InputManager.obj) : warning LNK4099: PDB 'dragonfly.pdb' was not found with 'libdragonfly-x64-debug.lib(InputManager.obj)' or at 'G:\Visual Studio\Projects\game4\vs-2019\x64\Debug\dragonfly.pdb'; linking object as if no debug info
libdragonfly-x64-debug.lib(Line.obj) : warning LNK4099: PDB '' was not found with 'libdragonfly-x64-debug.lib(Line.obj)' or at ''; linking object as if no debug info
libdragonfly-x64-debug.lib(LogManager.obj) : warning LNK4099: PDB 'dragonfly.pdb' was not found with 'libdragonfly-x64-debug.lib(LogManager.obj)' or at 'G:\Visual Studio\Projects\game4\vs-2019\x64\Debug\dragonfly.pdb'; linking object as if no debug info
libdragonfly-x64-debug.lib(Manager.obj) : warning LNK4099: PDB 'dragonfly.pdb' was not found with 'libdragonfly-x64-debug.lib(Manager.obj)' or at 'G:\Visual Studio\Projects\game4\vs-2019\x64\Debug\dragonfly.pdb'; linking object as if no debug info
libdragonfly-x64-debug.lib(Music.obj) : warning LNK4099: PDB 'dragonfly.pdb' was not found with 'libdragonfly-x64-debug.lib(Music.obj)' or at 'G:\Visual Studio\Projects\game4\vs-2019\x64\Debug\dragonfly.pdb'; linking object as if no debug info
libdragonfly-x64-debug.lib(NetworkManager.obj) : warning LNK4099: PDB 'dragonfly.pdb' was not found with 'libdragonfly-x64-debug.lib(NetworkManager.obj)' or at 'G:\Visual Studio\Projects\game4\vs-2019\x64\Debug\dragonfly.pdb'; linking object as if no debug info
libdragonfly-x64-debug.lib(Object.obj) : warning LNK4099: PDB 'dragonfly.pdb' was not found with 'libdragonfly-x64-debug.lib(Object.obj)' or at 'G:\Visual Studio\Projects\game4\vs-2019\x64\Debug\dragonfly.pdb'; linking object as if no debug info
libdragonfly-x64-debug.lib(ObjectList.obj) : warning LNK4099: PDB 'dragonfly.pdb' was not found with 'libdragonfly-x64-debug.lib(ObjectList.obj)' or at 'G:\Visual Studio\Projects\game4\vs-2019\x64\Debug\dragonfly.pdb'; linking object as if no debug info
libdragonfly-x64-debug.lib(ObjectListIterator.obj) : warning LNK4099: PDB 'dragonfly.pdb' was not found with 'libdragonfly-x64-debug.lib(ObjectListIterator.obj)' or at 'G:\Visual Studio\Projects\game4\vs-2019\x64\Debug\dragonfly.pdb'; linking object as if no debug info
libdragonfly-x64-debug.lib(Particle.obj) : warning LNK4099: PDB 'dragonfly.pdb' was not found with 'libdragonfly-x64-debug.lib(Particle.obj)' or at 'G:\Visual Studio\Projects\game4\vs-2019\x64\Debug\dragonfly.pdb'; linking object as if no debug info
libdragonfly-x64-debug.lib(Path.obj) : warning LNK4099: PDB '' was not found with 'libdragonfly-x64-debug.lib(Path.obj)' or at ''; linking object as if no debug info
libdragonfly-x64-debug.lib(PathFind.obj) : warning LNK4099: PDB 'dragonfly.pdb' was not found with 'libdragonfly-x64-debug.lib(PathFind.obj)' or at 'G:\Visual Studio\Projects\game4\vs-2019\x64\Debug\dragonfly.pdb'; linking object as if no debug info
libdragonfly-x64-debug.lib(PathManager.obj) : warning LNK4099: PDB 'dragonfly.pdb' was not found with 'libdragonfly-x64-debug.lib(PathManager.obj)' or at 'G:\Visual Studio\Projects\game4\vs-2019\x64\Debug\dragonfly.pdb'; linking object as if no debug info
libdragonfly-x64-debug.lib(Precipitation.obj) : warning LNK4099: PDB 'dragonfly.pdb' was not found with 'libdragonfly-x64-debug.lib(Precipitation.obj)' or at 'G:\Visual Studio\Projects\game4\vs-2019\x64\Debug\dragonfly.pdb'; linking object as if no debug info
libdragonfly-x64-debug.lib(ResourceManager.obj) : warning LNK4099: PDB 'dragonfly.pdb' was not found with 'libdragonfly-x64-debug.lib(ResourceManager.obj)' or at 'G:\Visual Studio\Projects\game4\vs-2019\x64\Debug\dragonfly.pdb'; linking object as if no debug info
libdragonfly-x64-debug.lib(SceneGraph.obj) : warning LNK4099: PDB 'dragonfly.pdb' was not found with 'libdragonfly-x64-debug.lib(SceneGraph.obj)' or at 'G:\Visual Studio\Projects\game4\vs-2019\x64\Debug\dragonfly.pdb'; linking object as if no debug info
libdragonfly-x64-debug.lib(Shape.obj) : warning LNK4099: PDB 'dragonfly.pdb' was not found with 'libdragonfly-x64-debug.lib(Shape.obj)' or at 'G:\Visual Studio\Projects\game4\vs-2019\x64\Debug\dragonfly.pdb'; linking object as if no debug info
libdragonfly-x64-debug.lib(Sound.obj) : warning LNK4099: PDB 'dragonfly.pdb' was not found with 'libdragonfly-x64-debug.lib(Sound.obj)' or at 'G:\Visual Studio\Projects\game4\vs-2019\x64\Debug\dragonfly.pdb'; linking object as if no debug info
libdragonfly-x64-debug.lib(Splash.obj) : warning LNK4099: PDB 'dragonfly.pdb' was not found with 'libdragonfly-x64-debug.lib(Splash.obj)' or at 'G:\Visual Studio\Projects\game4\vs-2019\x64\Debug\dragonfly.pdb'; linking object as if no debug info
libdragonfly-x64-debug.lib(SplashDragonfly.obj) : warning LNK4099: PDB 'dragonfly.pdb' was not found with 'libdragonfly-x64-debug.lib(SplashDragonfly.obj)' or at 'G:\Visual Studio\Projects\game4\vs-2019\x64\Debug\dragonfly.pdb'; linking object as if no debug info
libdragonfly-x64-debug.lib(Sprite.obj) : warning LNK4099: PDB 'dragonfly.pdb' was not found with 'libdragonfly-x64-debug.lib(Sprite.obj)' or at 'G:\Visual Studio\Projects\game4\vs-2019\x64\Debug\dragonfly.pdb'; linking object as if no debug info
libdragonfly-x64-debug.lib(utility.obj) : warning LNK4099: PDB 'dragonfly.pdb' was not found with 'libdragonfly-x64-debug.lib(utility.obj)' or at 'G:\Visual Studio\Projects\game4\vs-2019\x64\Debug\dragonfly.pdb'; linking object as if no debug info
libdragonfly-x64-debug.lib(Vector.obj) : warning LNK4099: PDB 'dragonfly.pdb' was not found with 'libdragonfly-x64-debug.lib(Vector.obj)' or at 'G:\Visual Studio\Projects\game4\vs-2019\x64\Debug\dragonfly.pdb'; linking object as if no debug info
libdragonfly-x64-debug.lib(WorldManager.obj) : warning LNK4099: PDB '' was not found with 'libdragonfly-x64-debug.lib(WorldManager.obj)' or at ''; linking object as if no debug info
  saucer-shoot.vcxproj -> G:\Visual Studio\Projects\game4\vs-2019\x64\Debug\saucer-shoot.exe
